# JRE version: Java(TM) SE Runtime Environment (8.0_211-b12) (build 1.8.0_211-b12)
# Java VM: Java HotSpot(TM) 64-Bit Server VM (25.211-b12 mixed mode windows-amd64 compressed oops)
Heap:
 PSYoungGen      total 38400K, used 18442K [0x00000000d5e00000, 0x00000000d8880000, 0x0000000100000000)
  eden space 33280K, 51% used [0x00000000d5e00000,0x00000000d6e9ab08,0x00000000d7e80000)
  from space 5120K, 28% used [0x00000000d7e80000,0x00000000d7fe8020,0x00000000d8380000)
  to   space 5120K, 0% used [0x00000000d8380000,0x00000000d8380000,0x00000000d8880000)
 ParOldGen       total 87552K, used 32K [0x0000000081a00000, 0x0000000086f80000, 0x00000000d5e00000)
  object space 87552K, 0% used [0x0000000081a00000,0x0000000081a08000,0x0000000086f80000)
 Metaspace       used 8796K, capacity 8988K, committed 9088K, reserved 1056768K
  class space    used 1020K, capacity 1094K, committed 1152K, reserved 1048576K
GC Heap History (6 events):
Event: 5.744 GC heap before
{Heap before GC invocations=1 (full 0):
 PSYoungGen      total 38400K, used 33280K [0x00000000d5e00000, 0x00000000d8880000, 0x0000000100000000)
  eden space 33280K, 100% used [0x00000000d5e00000,0x00000000d7e80000,0x00000000d7e80000)
  from space 5120K, 0% used [0x00000000d8380000,0x00000000d8380000,0x00000000d8880000)
  to   space 5120K, 0% used [0x00000000d7e80000,0x00000000d7e80000,0x00000000d8380000)
 ParOldGen       total 87552K, used 0K [0x0000000081a00000, 0x0000000086f80000, 0x00000000d5e00000)
  object space 87552K, 0% used [0x0000000081a00000,0x0000000081a00000,0x0000000086f80000)
 Metaspace       used 8753K, capacity 8988K, committed 9088K, reserved 1056768K
  class space    used 1018K, capacity 1094K, committed 1152K, reserved 1048576K
Event: 5.747 GC heap after
Heap after GC invocations=1 (full 0):
 PSYoungGen      total 38400K, used 1456K [0x00000000d5e00000, 0x00000000d8880000, 0x0000000100000000)
  eden space 33280K, 0% used [0x00000000d5e00000,0x00000000d5e00000,0x00000000d7e80000)
  from space 5120K, 28% used [0x00000000d7e80000,0x00000000d7fec010,0x00000000d8380000)
  to   space 5120K, 0% used [0x00000000d8380000,0x00000000d8380000,0x00000000d8880000)
 ParOldGen       total 87552K, used 16K [0x0000000081a00000, 0x0000000086f80000, 0x00000000d5e00000)
  object space 87552K, 0% used [0x0000000081a00000,0x0000000081a04000,0x0000000086f80000)
 Metaspace       used 8753K, capacity 8988K, committed 9088K, reserved 1056768K
  class space    used 1018K, capacity 1094K, committed 1152K, reserved 1048576K
}
Event: 11.776 GC heap before
{Heap before GC invocations=2 (full 0):
 PSYoungGen      total 38400K, used 34736K [0x00000000d5e00000, 0x00000000d8880000, 0x0000000100000000)
  eden space 33280K, 100% used [0x00000000d5e00000,0x00000000d7e80000,0x00000000d7e80000)
  from space 5120K, 28% used [0x00000000d7e80000,0x00000000d7fec010,0x00000000d8380000)
  to   space 5120K, 0% used [0x00000000d8380000,0x00000000d8380000,0x00000000d8880000)
 ParOldGen       total 87552K, used 16K [0x0000000081a00000, 0x0000000086f80000, 0x00000000d5e00000)
  object space 87552K, 0% used [0x0000000081a00000,0x0000000081a04000,0x0000000086f80000)
 Metaspace       used 8787K, capacity 8988K, committed 9088K, reserved 1056768K
  class space    used 1018K, capacity 1094K, committed 1152K, reserved 1048576K
Event: 11.778 GC heap after
Heap after GC invocations=2 (full 0):
 PSYoungGen      total 38400K, used 1424K [0x00000000d5e00000, 0x00000000d8880000, 0x0000000100000000)
  eden space 33280K, 0% used [0x00000000d5e00000,0x00000000d5e00000,0x00000000d7e80000)
  from space 5120K, 27% used [0x00000000d8380000,0x00000000d84e4010,0x00000000d8880000)
  to   space 5120K, 0% used [0x00000000d7e80000,0x00000000d7e80000,0x00000000d8380000)
 ParOldGen       total 87552K, used 24K [0x0000000081a00000, 0x0000000086f80000, 0x00000000d5e00000)
  object space 87552K, 0% used [0x0000000081a00000,0x0000000081a06000,0x0000000086f80000)
 Metaspace       used 8787K, capacity 8988K, committed 9088K, reserved 1056768K
  class space    used 1018K, capacity 1094K, committed 1152K, reserved 1048576K
}
Event: 18.045 GC heap before
{Heap before GC invocations=3 (full 0):
 PSYoungGen      total 38400K, used 34704K [0x00000000d5e00000, 0x00000000d8880000, 0x0000000100000000)
  eden space 33280K, 100% used [0x00000000d5e00000,0x00000000d7e80000,0x00000000d7e80000)
  from space 5120K, 27% used [0x00000000d8380000,0x00000000d84e4010,0x00000000d8880000)
  to   space 5120K, 0% used [0x00000000d7e80000,0x00000000d7e80000,0x00000000d8380000)
 ParOldGen       total 87552K, used 24K [0x0000000081a00000, 0x0000000086f80000, 0x00000000d5e00000)
  object space 87552K, 0% used [0x0000000081a00000,0x0000000081a06000,0x0000000086f80000)
 Metaspace       used 8789K, capacity 8988K, committed 9088K, reserved 1056768K
  class space    used 1019K, capacity 1094K, committed 1152K, reserved 1048576K
Event: 18.046 GC heap after
Heap after GC invocations=3 (full 0):
 PSYoungGen      total 38400K, used 1440K [0x00000000d5e00000, 0x00000000d8880000, 0x0000000100000000)
  eden space 33280K, 0% used [0x00000000d5e00000,0x00000000d5e00000,0x00000000d7e80000)
  from space 5120K, 28% used [0x00000000d7e80000,0x00000000d7fe8020,0x00000000d8380000)
  to   space 5120K, 0% used [0x00000000d8380000,0x00000000d8380000,0x00000000d8880000)
 ParOldGen       total 87552K, used 32K [0x0000000081a00000, 0x0000000086f80000, 0x00000000d5e00000)
  object space 87552K, 0% used [0x0000000081a00000,0x0000000081a08000,0x0000000086f80000)
 Metaspace       used 8789K, capacity 8988K, committed 9088K, reserved 1056768K
  class space    used 1019K, capacity 1094K, committed 1152K, reserved 1048576K
}

